<?xml version="1.0" encoding="UTF-8"?>
<testsuite xmlns:xsi="http://www.w3.org/2001/XMLSchema-instance" xsi:noNamespaceSchemaLocation="https://maven.apache.org/surefire/maven-surefire-plugin/xsd/surefire-test-report.xsd" name="edu.postech.csed332.homework4.ExpRandomTest" time="0.413" tests="4" errors="0" skipped="0" failures="3">
  <properties>
    <property name="sun.desktop" value="windows"/>
    <property name="awt.toolkit" value="sun.awt.windows.WToolkit"/>
    <property name="java.specification.version" value="12"/>
    <property name="sun.cpu.isalist" value="amd64"/>
    <property name="sun.jnu.encoding" value="Cp1252"/>
    <property name="java.class.path" value="D:\Documents\Course Notes\Software Design Methods\homework4\homework4\target\test-classes;D:\Documents\Course Notes\Software Design Methods\homework4\homework4\target\classes;C:\Users\louis\.m2\repository\org\jetbrains\annotations\17.0.0\annotations-17.0.0.jar;C:\Users\louis\.m2\repository\org\antlr\antlr4-runtime\4.7.2\antlr4-runtime-4.7.2.jar;C:\Users\louis\.m2\repository\org\junit\jupiter\junit-jupiter\5.5.2\junit-jupiter-5.5.2.jar;C:\Users\louis\.m2\repository\org\junit\jupiter\junit-jupiter-api\5.5.2\junit-jupiter-api-5.5.2.jar;C:\Users\louis\.m2\repository\org\opentest4j\opentest4j\1.2.0\opentest4j-1.2.0.jar;C:\Users\louis\.m2\repository\org\junit\platform\junit-platform-commons\1.5.2\junit-platform-commons-1.5.2.jar;C:\Users\louis\.m2\repository\org\junit\jupiter\junit-jupiter-params\5.5.2\junit-jupiter-params-5.5.2.jar;C:\Users\louis\.m2\repository\org\junit\jupiter\junit-jupiter-engine\5.5.2\junit-jupiter-engine-5.5.2.jar;C:\Users\louis\.m2\repository\org\junit\vintage\junit-vintage-engine\5.5.2\junit-vintage-engine-5.5.2.jar;C:\Users\louis\.m2\repository\org\apiguardian\apiguardian-api\1.1.0\apiguardian-api-1.1.0.jar;C:\Users\louis\.m2\repository\org\junit\platform\junit-platform-engine\1.5.2\junit-platform-engine-1.5.2.jar;C:\Users\louis\.m2\repository\junit\junit\4.12\junit-4.12.jar;C:\Users\louis\.m2\repository\com\pholser\junit-quickcheck-core\0.9\junit-quickcheck-core-0.9.jar;C:\Users\louis\.m2\repository\org\hamcrest\hamcrest-core\1.3\hamcrest-core-1.3.jar;C:\Users\louis\.m2\repository\org\javaruntype\javaruntype\1.3\javaruntype-1.3.jar;C:\Users\louis\.m2\repository\org\antlr\antlr-runtime\3.1.2\antlr-runtime-3.1.2.jar;C:\Users\louis\.m2\repository\ognl\ognl\3.1.12\ognl-3.1.12.jar;C:\Users\louis\.m2\repository\org\javassist\javassist\3.20.0-GA\javassist-3.20.0-GA.jar;C:\Users\louis\.m2\repository\ru\vyarus\generics-resolver\2.0.1\generics-resolver-2.0.1.jar;C:\Users\louis\.m2\repository\org\slf4j\slf4j-api\1.7.25\slf4j-api-1.7.25.jar;C:\Users\louis\.m2\repository\com\pholser\junit-quickcheck-generators\0.9\junit-quickcheck-generators-0.9.jar;C:\Users\louis\.m2\repository\com\fathzer\javaluator\3.0.3\javaluator-3.0.3.jar;C:\Users\louis\.m2\repository\org\slf4j\slf4j-simple\1.7.28\slf4j-simple-1.7.28.jar;"/>
    <property name="java.vm.vendor" value="Oracle Corporation"/>
    <property name="sun.arch.data.model" value="64"/>
    <property name="user.variant" value=""/>
    <property name="java.vendor.url" value="https://java.oracle.com/"/>
    <property name="user.timezone" value="Asia/Seoul"/>
    <property name="os.name" value="Windows 10"/>
    <property name="java.vm.specification.version" value="12"/>
    <property name="sun.java.launcher" value="SUN_STANDARD"/>
    <property name="user.country" value="GB"/>
    <property name="sun.boot.library.path" value="D:\Program files\JavaDK\bin"/>
    <property name="sun.java.command" value="C:\Users\louis\AppData\Local\Temp\surefire13018272150172569114\surefirebooter17814258074274112487.jar C:\Users\louis\AppData\Local\Temp\surefire13018272150172569114 2019-10-18T15-31-41_833-jvmRun1 surefire1553462196707398647tmp surefire_09565944248046745075tmp"/>
    <property name="jdk.debug" value="release"/>
    <property name="surefire.test.class.path" value="D:\Documents\Course Notes\Software Design Methods\homework4\homework4\target\test-classes;D:\Documents\Course Notes\Software Design Methods\homework4\homework4\target\classes;C:\Users\louis\.m2\repository\org\jetbrains\annotations\17.0.0\annotations-17.0.0.jar;C:\Users\louis\.m2\repository\org\antlr\antlr4-runtime\4.7.2\antlr4-runtime-4.7.2.jar;C:\Users\louis\.m2\repository\org\junit\jupiter\junit-jupiter\5.5.2\junit-jupiter-5.5.2.jar;C:\Users\louis\.m2\repository\org\junit\jupiter\junit-jupiter-api\5.5.2\junit-jupiter-api-5.5.2.jar;C:\Users\louis\.m2\repository\org\opentest4j\opentest4j\1.2.0\opentest4j-1.2.0.jar;C:\Users\louis\.m2\repository\org\junit\platform\junit-platform-commons\1.5.2\junit-platform-commons-1.5.2.jar;C:\Users\louis\.m2\repository\org\junit\jupiter\junit-jupiter-params\5.5.2\junit-jupiter-params-5.5.2.jar;C:\Users\louis\.m2\repository\org\junit\jupiter\junit-jupiter-engine\5.5.2\junit-jupiter-engine-5.5.2.jar;C:\Users\louis\.m2\repository\org\junit\vintage\junit-vintage-engine\5.5.2\junit-vintage-engine-5.5.2.jar;C:\Users\louis\.m2\repository\org\apiguardian\apiguardian-api\1.1.0\apiguardian-api-1.1.0.jar;C:\Users\louis\.m2\repository\org\junit\platform\junit-platform-engine\1.5.2\junit-platform-engine-1.5.2.jar;C:\Users\louis\.m2\repository\junit\junit\4.12\junit-4.12.jar;C:\Users\louis\.m2\repository\com\pholser\junit-quickcheck-core\0.9\junit-quickcheck-core-0.9.jar;C:\Users\louis\.m2\repository\org\hamcrest\hamcrest-core\1.3\hamcrest-core-1.3.jar;C:\Users\louis\.m2\repository\org\javaruntype\javaruntype\1.3\javaruntype-1.3.jar;C:\Users\louis\.m2\repository\org\antlr\antlr-runtime\3.1.2\antlr-runtime-3.1.2.jar;C:\Users\louis\.m2\repository\ognl\ognl\3.1.12\ognl-3.1.12.jar;C:\Users\louis\.m2\repository\org\javassist\javassist\3.20.0-GA\javassist-3.20.0-GA.jar;C:\Users\louis\.m2\repository\ru\vyarus\generics-resolver\2.0.1\generics-resolver-2.0.1.jar;C:\Users\louis\.m2\repository\org\slf4j\slf4j-api\1.7.25\slf4j-api-1.7.25.jar;C:\Users\louis\.m2\repository\com\pholser\junit-quickcheck-generators\0.9\junit-quickcheck-generators-0.9.jar;C:\Users\louis\.m2\repository\com\fathzer\javaluator\3.0.3\javaluator-3.0.3.jar;C:\Users\louis\.m2\repository\org\slf4j\slf4j-simple\1.7.28\slf4j-simple-1.7.28.jar;"/>
    <property name="sun.cpu.endian" value="little"/>
    <property name="user.home" value="C:\Users\louis"/>
    <property name="user.language" value="en"/>
    <property name="java.specification.vendor" value="Oracle Corporation"/>
    <property name="java.version.date" value="2019-07-16"/>
    <property name="java.home" value="D:\Program files\JavaDK"/>
    <property name="file.separator" value="\"/>
    <property name="basedir" value="D:\Documents\Course Notes\Software Design Methods\homework4\homework4"/>
    <property name="java.vm.compressedOopsMode" value="32-bit"/>
    <property name="line.separator" value="&#10;"/>
    <property name="java.vm.specification.vendor" value="Oracle Corporation"/>
    <property name="java.specification.name" value="Java Platform API Specification"/>
    <property name="java.awt.graphicsenv" value="sun.awt.Win32GraphicsEnvironment"/>
    <property name="surefire.real.class.path" value="C:\Users\louis\AppData\Local\Temp\surefire13018272150172569114\surefirebooter17814258074274112487.jar"/>
    <property name="user.script" value=""/>
    <property name="sun.management.compiler" value="HotSpot 64-Bit Tiered Compilers"/>
    <property name="java.runtime.version" value="12.0.2+10"/>
    <property name="user.name" value="Louis"/>
    <property name="path.separator" value=";"/>
    <property name="os.version" value="10.0"/>
    <property name="java.runtime.name" value="Java(TM) SE Runtime Environment"/>
    <property name="file.encoding" value="Cp1252"/>
    <property name="java.vm.name" value="Java HotSpot(TM) 64-Bit Server VM"/>
    <property name="localRepository" value="C:\Users\louis\.m2\repository"/>
    <property name="java.vendor.url.bug" value="https://bugreport.java.com/bugreport/"/>
    <property name="java.io.tmpdir" value="C:\Users\louis\AppData\Local\Temp\"/>
    <property name="java.version" value="12.0.2"/>
    <property name="user.dir" value="D:\Documents\Course Notes\Software Design Methods\homework4\homework4"/>
    <property name="os.arch" value="amd64"/>
    <property name="java.vm.specification.name" value="Java Virtual Machine Specification"/>
    <property name="sun.os.patch.level" value=""/>
    <property name="java.library.path" value="D:\Program files\JavaDK\bin;C:\WINDOWS\Sun\Java\bin;C:\WINDOWS\system32;C:\WINDOWS;C:\Users\louis\bin;D:\Program files\Git\mingw64\bin;D:\Program files\Git\usr\local\bin;D:\Program files\Git\usr\bin;D:\Program files\Git\usr\bin;D:\Program files\Git\mingw64\bin;D:\Program files\Git\usr\bin;C:\Users\louis\bin;C:\Program Files (x86)\Intel\Intel(R) Management Engine Components\iCLS;C:\Program Files\Intel\Intel(R) Management Engine Components\iCLS;C:\Windows\system32;C:\Windows;C:\Windows\System32\Wbem;C:\Windows\System32\WindowsPowerShell\v1.0;C:\Program Files (x86)\Intel\Intel(R) Management Engine Components\DAL;C:\Program Files\Intel\Intel(R) Management Engine Components\DAL;C:\Program Files (x86)\Intel\Intel(R) Management Engine Components\IPT;C:\Program Files\Intel\Intel(R) Management Engine Components\IPT;C:\Program Files (x86)\NVIDIA Corporation\PhysX\Common;C:\WINDOWS\system32;C:\WINDOWS;C:\WINDOWS\System32\Wbem;C:\WINDOWS\System32\WindowsPowerShell\v1.0;C:\WINDOWS\System32\OpenSSH;D:\Program files\Git\cmd;C:\Users\louis\AppData\Local\Microsoft\WindowsApps;D:\Program files\JavaDK\bin;D:\Program files\IntelliJ IDEA\IntelliJ IDEA Community Edition 2019.2.2\bin;D:\Program files\apache-maven-3.6.2\bin;D:\Program files\Git\usr\bin\vendor_perl;D:\Program files\Git\usr\bin\core_perl;."/>
    <property name="java.vm.info" value="mixed mode, sharing"/>
    <property name="java.vendor" value="Oracle Corporation"/>
    <property name="java.vm.version" value="12.0.2+10"/>
    <property name="sun.io.unicode.encoding" value="UnicodeLittle"/>
    <property name="java.class.version" value="56.0"/>
  </properties>
  <testcase name="testPrettyPrintDecoration" classname="edu.postech.csed332.homework4.ExpRandomTest" time="0.179">
    <failure message="Property named &apos;testPrettyPrintDecoration&apos; failed (expected:&lt;0.0&gt; but was:&lt;NaN&gt;):&#10;With arguments: [82.7829394207507 * -42.449953897044246 + -73.5573413474992 * x1 / 52.102511688413045 / -97.9866769788559 ^ 8.131581435200435, [0.0, 0.0, 0.0, 0.0, 0.0, 0.0, 0.0, 0.0, 0.0, 0.0]]&#10;Original failure message: expected:&lt;2.1495306315493315E-6&gt; but was:&lt;NaN&gt;&#10;First arguments found to also provoke a failure: [82.7829394207507 * -42.449953897044246 + -73.5573413474992 * x1 / 52.102511688413045 / -97.9866769788559 ^ 8.131581435200435, [0.2859023584341316, 0.5623620786555922, 0.19441770100087385, 0.72960541693767, 0.15528137842885337, 0.9104530130687207, 0.21979511012359032, 0.9733820022609881, 0.6409509832007451, 0.5331009666763232]]&#10;Seeds for reproduction: [-5971815476625859651, -7397150416600916396]" type="java.lang.AssertionError"><![CDATA[java.lang.AssertionError: 
Property named 'testPrettyPrintDecoration' failed (expected:<0.0> but was:<NaN>):
With arguments: [82.7829394207507 * -42.449953897044246 + -73.5573413474992 * x1 / 52.102511688413045 / -97.9866769788559 ^ 8.131581435200435, [0.0, 0.0, 0.0, 0.0, 0.0, 0.0, 0.0, 0.0, 0.0, 0.0]]
Original failure message: expected:<2.1495306315493315E-6> but was:<NaN>
First arguments found to also provoke a failure: [82.7829394207507 * -42.449953897044246 + -73.5573413474992 * x1 / 52.102511688413045 / -97.9866769788559 ^ 8.131581435200435, [0.2859023584341316, 0.5623620786555922, 0.19441770100087385, 0.72960541693767, 0.15528137842885337, 0.9104530130687207, 0.21979511012359032, 0.9733820022609881, 0.6409509832007451, 0.5331009666763232]]
Seeds for reproduction: [-5971815476625859651, -7397150416600916396]
	at edu.postech.csed332.homework4.ExpRandomTest.testPrettyPrintDecoration(ExpRandomTest.java:73)
Caused by: java.lang.AssertionError: expected:<2.1495306315493315E-6> but was:<NaN>
	at edu.postech.csed332.homework4.ExpRandomTest.testPrettyPrintDecoration(ExpRandomTest.java:73)
]]></failure>
  </testcase>
  <testcase name="testDefaultValueDecoration" classname="edu.postech.csed332.homework4.ExpRandomTest" time="0.01">
    <failure message="Property named &apos;testDefaultValueDecoration&apos; failed (expected:&lt;null&gt; but was:&lt;-93.20168999899778&gt;)&#10;With arguments: [-93.20168999899778, 1.0]&#10;Seeds for reproduction: [1715136984964071669, -6504370687279704299]" type="java.lang.AssertionError"><![CDATA[java.lang.AssertionError: 
Property named 'testDefaultValueDecoration' failed (expected:<null> but was:<-93.20168999899778>)
With arguments: [-93.20168999899778, 1.0]
Seeds for reproduction: [1715136984964071669, -6504370687279704299]
	at edu.postech.csed332.homework4.ExpRandomTest.testDefaultValueDecoration(ExpRandomTest.java:98)
]]></failure>
  </testcase>
  <testcase name="testToString" classname="edu.postech.csed332.homework4.ExpRandomTest" time="0.164"/>
  <testcase name="testEvaluation" classname="edu.postech.csed332.homework4.ExpRandomTest" time="0.057">
    <failure message="Property named &apos;testEvaluation&apos; failed (expected:&lt;1.0&gt; but was:&lt;0.8981933855798631&gt;):&#10;With arguments: [x2 + 82.05219290803598 / 91.35247957216257 + x3 / 51.07414765405352 ^ x2, [0.0, 0.0, 0.0, 0.0, 0.0, 0.0, 0.0, 0.0, 0.0, 0.0]]&#10;Original failure message: expected:&lt;1.147190261235731&gt; but was:&lt;1.438219343278851&gt;&#10;First arguments found to also provoke a failure: [x2 + 82.05219290803598 / 91.35247957216257 + x3 / 51.07414765405352 ^ x2, [0.44456347844151156, 0.44907035955139774, 0.5320248633384137, 0.547795276419423, 0.8458020179412834, 0.46386888601013987, 0.19337266228063332, 0.18077953408845293, 9.79988947163113E-4, 0.9774651750939815]]&#10;Seeds for reproduction: [8559540969795276042, 8283145035431117720]" type="java.lang.AssertionError"><![CDATA[java.lang.AssertionError: 
Property named 'testEvaluation' failed (expected:<1.0> but was:<0.8981933855798631>):
With arguments: [x2 + 82.05219290803598 / 91.35247957216257 + x3 / 51.07414765405352 ^ x2, [0.0, 0.0, 0.0, 0.0, 0.0, 0.0, 0.0, 0.0, 0.0, 0.0]]
Original failure message: expected:<1.147190261235731> but was:<1.438219343278851>
First arguments found to also provoke a failure: [x2 + 82.05219290803598 / 91.35247957216257 + x3 / 51.07414765405352 ^ x2, [0.44456347844151156, 0.44907035955139774, 0.5320248633384137, 0.547795276419423, 0.8458020179412834, 0.46386888601013987, 0.19337266228063332, 0.18077953408845293, 9.79988947163113E-4, 0.9774651750939815]]
Seeds for reproduction: [8559540969795276042, 8283145035431117720]
	at edu.postech.csed332.homework4.ExpRandomTest.testEvaluation(ExpRandomTest.java:52)
Caused by: java.lang.AssertionError: expected:<1.147190261235731> but was:<1.438219343278851>
	at edu.postech.csed332.homework4.ExpRandomTest.testEvaluation(ExpRandomTest.java:52)
]]></failure>
  </testcase>
</testsuite>